============================================================
   Tang Dynasty, V4.6.18154
   Copyright:   Shanghai Anlogic Infotech Co., Ltd.
                2011 - 2021
   Executable = /home/jota/TD/bin/td
   Built by =   jota
   Built at =   2020, Mar 27
   Run by =     jota
   Run Date =   Mon Feb 15 22:29:09 2021

   Run on =     clrlaptop
============================================================
RUN-1002 : start command "open_project SiPEED_Tang_Primer.al"
HDL-1007 : analyze verilog file ../../source/Goldschmidt_Integer_Divider_2CPS.v
HDL-5007 WARNING: identifier 'w_divisor' is used before its declaration in ../../source/Goldschmidt_Integer_Divider_2CPS.v(116)
HDL-5007 WARNING: identifier 'w_divisor' is used before its declaration in ../../source/Goldschmidt_Integer_Divider_2CPS.v(117)
HDL-5007 WARNING: identifier 'w_divisor' is used before its declaration in ../../source/Goldschmidt_Integer_Divider_2CPS.v(118)
HDL-5007 WARNING: identifier 'w_divisor' is used before its declaration in ../../source/Goldschmidt_Integer_Divider_2CPS.v(119)
HDL-5007 WARNING: identifier 'w_divisor' is used before its declaration in ../../source/Goldschmidt_Integer_Divider_2CPS.v(120)
HDL-5007 WARNING: identifier 'w_divisor' is used before its declaration in ../../source/Goldschmidt_Integer_Divider_2CPS.v(121)
HDL-5007 WARNING: identifier 'w_divisor' is used before its declaration in ../../source/Goldschmidt_Integer_Divider_2CPS.v(122)
HDL-5007 WARNING: identifier 'w_divisor' is used before its declaration in ../../source/Goldschmidt_Integer_Divider_2CPS.v(123)
RUN-1002 : start command "import_device eagle_s20.db -package BG256"
ARC-1001 : Device Initialization.
ARC-1001 : ------------------------------------------------------------------
ARC-1001 :            OPTION            |          IO          |   SETTING   
ARC-1001 : ------------------------------------------------------------------
ARC-1001 :   cso_b/cclk/mosi/miso/dout  |  T3/R11/T10/P10/S11  |    gpio    
ARC-1001 :             done             |         P13          |    gpio    
ARC-1001 :           program_b          |          T2          |  dedicated  
ARC-1001 :        tdi/tms/tck/tdo       |   C12/A15/C14/E14    |  dedicated  
ARC-1001 : ------------------------------------------------------------------
ARC-1004 : Device setting, marked 5 dedicate IOs in total.
RUN-1002 : start command "import_db SiPEED_Tang_Primer_pr.db"
RUN-1001 : Importing database generated by Tang Dynasty, V4.6.18154.
RUN-1001 : Database version number 46116.
RUN-1001 : Import timing constraints
RUN-1001 : Import IO constraints
RUN-1001 : Import Inst constraints
RUN-1001 : Import flow parameters
RUN-1003 : finish command "import_db SiPEED_Tang_Primer_pr.db" in  1.691629s wall, 1.640000s user + 0.060000s system = 1.700000s CPU (100.5%)

RUN-1004 : used memory is 153 MB, reserved memory is 157 MB, peak memory is 157 MB
